<?xml version="1.0" encoding="UTF-8"?>
<!-- Generated by org.testng.reporters.JUnitXMLReporter -->
<testsuite hostname="SSTPRLAP002" ignored="0" name="TES-T2_Add Customer Test" tests="4" failures="0" timestamp="21 Sep 2018 07:08:46 GMT" time="14.94" errors="0">
  <testcase name="addCustomerTest" time="5.382" classname="com.SST.testcases.TES_T2_AddCustomerTest"/>
  <testcase name="addCustomerTest" time="0.0" classname="com.SST.testcases.TES_T2_AddCustomerTest">
    <skipped/>
  </testcase> <!-- addCustomerTest -->
  <testcase name="addCustomerTest" time="4.503" classname="com.SST.testcases.TES_T2_AddCustomerTest"/>
  <testcase name="addCustomerTest" time="4.539" classname="com.SST.testcases.TES_T2_AddCustomerTest"/>
</testsuite> <!-- TES-T2_Add Customer Test -->
