<?xml version="1.0" encoding="UTF-8"?>
<!-- Generated by org.testng.reporters.JUnitXMLReporter -->
<testsuite hostname="SSTPRLAP002" ignored="0" name="TES-T2_Add Customer Test" tests="4" failures="0" timestamp="17 Sep 2018 13:15:33 GMT" time="15.112" errors="0">
  <testcase name="addCustomerTest" time="5.838" classname="com.SST.testcases.TES_T2_AddCustomerTest"/>
  <testcase name="addCustomerTest" time="0.002" classname="com.SST.testcases.TES_T2_AddCustomerTest">
    <skipped/>
  </testcase> <!-- addCustomerTest -->
  <testcase name="addCustomerTest" time="4.479" classname="com.SST.testcases.TES_T2_AddCustomerTest"/>
  <testcase name="addCustomerTest" time="4.416" classname="com.SST.testcases.TES_T2_AddCustomerTest"/>
</testsuite> <!-- TES-T2_Add Customer Test -->
