-------------------------------------------------------------------------------
Test set: TestSuite
-------------------------------------------------------------------------------
Tests run: 6, Failures: 1, Errors: 0, Skipped: 1, Time elapsed: 82.098 sec <<< FAILURE! - in TestSuite
bankManagerLoginTest(com.SST.testcases.TES_T1_BankManagerLoginTest)  Time elapsed: 8.589 sec  <<< FAILURE!
java.lang.AssertionError: Login not successful
	at org.testng.Assert.fail(Assert.java:93)
	at com.SST.testcases.TES_T1_BankManagerLoginTest.bankManagerLoginTest(TES_T1_BankManagerLoginTest.java:28)

