-------------------------------------------------------------------------------
Test set: TestSuite
-------------------------------------------------------------------------------
Tests run: 6, Failures: 1, Errors: 0, Skipped: 1, Time elapsed: 156.903 s <<< FAILURE! - in TestSuite
bankManagerLoginTest(com.SST.testcases.TES_T1_BankManagerLoginTest)  Time elapsed: 18.268 s  <<< FAILURE!
java.lang.AssertionError: Login not successful
	at com.SST.testcases.TES_T1_BankManagerLoginTest.bankManagerLoginTest(TES_T1_BankManagerLoginTest.java:28)

